<?xml version="1.0" encoding="UTF-8"?>
<testsuite xmlns:xsi="http://www.w3.org/2001/XMLSchema-instance" xsi:noNamespaceSchemaLocation="https://maven.apache.org/surefire/maven-surefire-plugin/xsd/surefire-test-report-3.0.xsd" version="3.0" name="com.company.AlaaAdinWebsite.AlaaAdinWebsiteApplicationTests" time="56.187" tests="1" errors="0" skipped="0" failures="0">
  <properties>
[...]
</properties>
  <testcase name="contextLoads" classname="com.company.AlaaAdinWebsite.AlaaAdinWebsiteApplicationTests" time="3.769">
    <system-out><![CDATA[21:15:51.584 [main] INFO org.springframework.test.context.support.AnnotationConfigContextLoaderUtils -- Could not detect default configuration classes for test class [com.company.AlaaAdinWebsite.AlaaAdinWebsiteApplicationTests]: AlaaAdinWebsiteApplicationTests does not declare any static, non-private, non-final, nested classes annotated with @Configuration.
21:15:53.040 [main] INFO org.springframework.boot.test.context.SpringBootTestContextBootstrapper -- Found @SpringBootConfiguration com.company.AlaaAdinWebsite.AlaaAdinWebsiteApplication for test class com.company.AlaaAdinWebsite.AlaaAdinWebsiteApplicationTests
21:15:54.664 [main] INFO org.springframework.boot.devtools.restart.RestartApplicationListener -- Restart disabled due to context in which it is running

  .   ____          _            __ _ _
 /\\ / ___'_ __ _ _(_)_ __  __ _ \ \ \ \
( ( )\___ | '_ | '_| | '_ \/ _` | \ \ \ \
 \\/  ___)| |_)| | | | | || (_| |  ) ) ) )
  '  |____| .__|_| |_|_| |_\__, | / / / /
 =========|_|==============|___/=/_/_/_/
 :: Spring Boot ::                (v3.2.3)

2024-04-04T21:15:56.680+02:00  INFO 20296 --- [           main] c.c.A.AlaaAdinWebsiteApplicationTests    : Starting AlaaAdinWebsiteApplicationTests using Java 18.0.2 with PID 20296 (started by Computer Market in D:\my projects\AlaaAdinWebsite)
2024-04-04T21:15:56.690+02:00  INFO 20296 --- [           main] c.c.A.AlaaAdinWebsiteApplicationTests    : No active profile set, falling back to 1 default profile: "default"
2024-04-04T21:16:05.958+02:00  INFO 20296 --- [           main] .s.d.r.c.RepositoryConfigurationDelegate : Bootstrapping Spring Data JPA repositories in DEFAULT mode.
2024-04-04T21:16:07.353+02:00  INFO 20296 --- [           main] .s.d.r.c.RepositoryConfigurationDelegate : Finished Spring Data repository scanning in 1254 ms. Found 5 JPA repository interfaces.
2024-04-04T21:16:14.074+02:00  INFO 20296 --- [           main] com.zaxxer.hikari.HikariDataSource       : HikariPool-1 - Starting...
2024-04-04T21:16:17.931+02:00  INFO 20296 --- [           main] com.zaxxer.hikari.pool.HikariPool        : HikariPool-1 - Added connection com.mysql.cj.jdbc.ConnectionImpl@541afb85
2024-04-04T21:16:17.944+02:00  INFO 20296 --- [           main] com.zaxxer.hikari.HikariDataSource       : HikariPool-1 - Start completed.
2024-04-04T21:16:18.864+02:00  INFO 20296 --- [           main] o.hibernate.jpa.internal.util.LogHelper  : HHH000204: Processing PersistenceUnitInfo [name: default]
2024-04-04T21:16:20.142+02:00  INFO 20296 --- [           main] org.hibernate.Version                    : HHH000412: Hibernate ORM core version 6.4.4.Final
2024-04-04T21:16:21.077+02:00  INFO 20296 --- [           main] o.h.c.internal.RegionFactoryInitiator    : HHH000026: Second-level cache disabled
2024-04-04T21:16:23.555+02:00  INFO 20296 --- [           main] o.s.o.j.p.SpringPersistenceUnitInfo      : No LoadTimeWeaver setup: ignoring JPA class transformer
2024-04-04T21:16:30.854+02:00  INFO 20296 --- [           main] o.h.e.t.j.p.i.JtaPlatformInitiator       : HHH000489: No JTA platform available (set 'hibernate.transaction.jta.platform' to enable JTA platform integration)
2024-04-04T21:16:30.874+02:00  INFO 20296 --- [           main] j.LocalContainerEntityManagerFactoryBean : Initialized JPA EntityManagerFactory for persistence unit 'default'
2024-04-04T21:16:36.514+02:00  WARN 20296 --- [           main] JpaBaseConfiguration$JpaWebConfiguration : spring.jpa.open-in-view is enabled by default. Therefore, database queries may be performed during view rendering. Explicitly configure spring.jpa.open-in-view to disable this warning
2024-04-04T21:16:40.449+02:00  INFO 20296 --- [           main] c.c.A.AlaaAdinWebsiteApplicationTests    : Started AlaaAdinWebsiteApplicationTests in 45.865 seconds (process running for 96.015)
]]></system-out>
  </testcase>
</testsuite>